<?xml version="1.0" encoding="UTF-8"?>
<!-- Generated by org.testng.reporters.JUnitReportReporter -->
<testsuite skipped="0" hostname="DELL" name="week2.day2.Draggable" tests="1" failures="0" timestamp="24 Aug 2018 02:27:06 GMT" time="14.312" errors="0">
  <testcase name="main" time="14.312" classname="week2.day2.Draggable"/>
</testsuite> <!-- week2.day2.Draggable -->
