<?xml version="1.0" encoding="UTF-8"?>
<!-- Generated by org.testng.reporters.JUnitReportReporter -->
<testsuite skipped="0" hostname="DELL" name="week2.day2.Indeed" tests="1" failures="0" timestamp="23 Aug 2018 06:46:39 GMT" time="66.388" errors="0">
  <testcase name="indeed" time="66.388" classname="week2.day2.Indeed"/>
</testsuite> <!-- week2.day2.Indeed -->
