<?xml version="1.0" encoding="UTF-8"?>
<!-- Generated by org.testng.reporters.JUnitReportReporter -->
<testsuite skipped="0" hostname="DELL" name="testcases.TC001_Login" tests="1" failures="0" timestamp="29 Aug 2018 13:00:30 GMT" time="22.982" errors="0">
  <testcase name="login" time="22.982" classname="testcases.TC001_Login"/>
</testsuite> <!-- testcases.TC001_Login -->
